<?xml version="1.0" encoding="UTF-8"?>
<!-- Generated by org.testng.reporters.JUnitReportReporter -->
<testsuite skipped="0" hostname="ASDW0010" name="testClasses.TatocBasic" tests="6" failures="0" timestamp="27 Jun 2018 05:22:10 GMT" time="9.525" errors="0">
  <testcase name="Step02_Launch_GridGatePage" time="0.697" classname="testClasses.TatocBasic"/>
  <testcase name="Step04_Launch_DragAround" time="1.157" classname="testClasses.TatocBasic"/>
  <testcase name="Step03_Launch_FrameDungeonPage" time="2.650" classname="testClasses.TatocBasic"/>
  <testcase name="Step01_Launch_HomePage" time="1.375" classname="testClasses.TatocBasic"/>
  <testcase name="Step06_Launch_CookieHandling" time="1.125" classname="testClasses.TatocBasic"/>
  <testcase name="Step05_Launch_PopupWindows" time="2.521" classname="testClasses.TatocBasic"/>
</testsuite> <!-- testClasses.TatocBasic -->
